PLUMED: PLUMED is starting
PLUMED: Version: 2.8.0-dev (git: 848096cac) compiled on Oct  8 2021 at 14:12:49
PLUMED: Please cite these papers when using PLUMED [1][2]
PLUMED: For further information see the PLUMED web page at http://www.plumed.org
PLUMED: Root: /home/sbore/software/mbx_lammps_plumed/plumed2/install/lib/plumed
PLUMED: For installed feature, see /home/sbore/software/mbx_lammps_plumed/plumed2/install/lib/plumed/src/config/config.txt
PLUMED: Molecular dynamics engine: LAMMPS
PLUMED: Precision of reals: 8
PLUMED: Running over 1 node
PLUMED: Number of threads: 1
PLUMED: Cache line size: 512
PLUMED: Number of atoms: 3840
PLUMED: File suffix: 
PLUMED: FILE: plumed.equil.dat
PLUMED: Action INCLUDE
PLUMED:   with label @0
PLUMED: FILE: plumed.smooth.dat
PLUMED: Action ENVIRONMENTSIMILARITY
PLUMED:   with label refcv
PLUMED:   Please read and cite [3]
PLUMED:   Reference environment 1 : reading 4 reference vectors from env1.pdb 
PLUMED:   Reference environment 2 : reading 4 reference vectors from env2.pdb 
PLUMED:   Reference environment 3 : reading 4 reference vectors from env3.pdb 
PLUMED:   Reference environment 4 : reading 4 reference vectors from env4.pdb 
PLUMED:   Reference environment 5 : reading 4 reference vectors from env5.pdb 
PLUMED:   Reference environment 6 : reading 4 reference vectors from env6.pdb 
PLUMED:   Reference environment 7 : reading 4 reference vectors from env7.pdb 
PLUMED:   Reference environment 8 : reading 4 reference vectors from env8.pdb 
PLUMED:   Reference environment 9 : reading 4 reference vectors from env9.pdb 
PLUMED:   Reference environment 10 : reading 4 reference vectors from env10.pdb 
PLUMED:   Number of reference environments is 10
PLUMED:   Number of vectors per reference environment is 4
PLUMED:   targeting the CUSTOM crystal structure
PLUMED:   maximum distance in the reference environment is 0.284045
PLUMED:   representing local density as a sum of Gaussians with standard deviation 0.057500
PLUMED:   using a soft max function with lambda 100.000000
PLUMED:   keyword SPECIES takes atoms : 1 4 7 10 13 16 19 22 25 28 31 34 37 40 43 46 49 52 55 58 61 64 67 70 73 76 79 82 85 88 91 94 97 100 103 106 109 112 115 118 121 124 127 130 133 136 139 142 145 148 151 154 157 160 163 166 169 172 175 178 181 184 187 190 193 196 199 202 205 208 211 214 217 220 223 226 229 232 235 238 241 244 247 250 253 256 259 262 265 268 271 274 277 280 283 286 289 292 295 298 301 304 307 310 313 316 319 322 325 328 331 334 337 340 343 346 349 352 355 358 361 364 367 370 373 376 379 382 385 388 391 394 397 400 403 406 409 412 415 418 421 424 427 430 433 436 439 442 445 448 451 454 457 460 463 466 469 472 475 478 481 484 487 490 493 496 499 502 505 508 511 514 517 520 523 526 529 532 535 538 541 544 547 550 553 556 559 562 565 568 571 574 577 580 583 586 589 592 595 598 601 604 607 610 613 616 619 622 625 628 631 634 637 640 643 646 649 652 655 658 661 664 667 670 673 676 679 682 685 688 691 694 697 700 703 706 709 712 715 718 721 724 727 730 733 736 739 742 745 748 751 754 757 760 763 766 769 772 775 778 781 784 787 790 793 796 799 802 805 808 811 814 817 820 823 826 829 832 835 838 841 844 847 850 853 856 859 862 865 868 871 874 877 880 883 886 889 892 895 898 901 904 907 910 913 916 919 922 925 928 931 934 937 940 943 946 949 952 955 958 961 964 967 970 973 976 979 982 985 988 991 994 997 1000 1003 1006 1009 1012 1015 1018 1021 1024 1027 1030 1033 1036 1039 1042 1045 1048 1051 1054 1057 1060 1063 1066 1069 1072 1075 1078 1081 1084 1087 1090 1093 1096 1099 1102 1105 1108 1111 1114 1117 1120 1123 1126 1129 1132 1135 1138 1141 1144 1147 1150 1153 1156 1159 1162 1165 1168 1171 1174 1177 1180 1183 1186 1189 1192 1195 1198 1201 1204 1207 1210 1213 1216 1219 1222 1225 1228 1231 1234 1237 1240 1243 1246 1249 1252 1255 1258 1261 1264 1267 1270 1273 1276 1279 1282 1285 1288 1291 1294 1297 1300 1303 1306 1309 1312 1315 1318 1321 1324 1327 1330 1333 1336 1339 1342 1345 1348 1351 1354 1357 1360 1363 1366 1369 1372 1375 1378 1381 1384 1387 1390 1393 1396 1399 1402 1405 1408 1411 1414 1417 1420 1423 1426 1429 1432 1435 1438 1441 1444 1447 1450 1453 1456 1459 1462 1465 1468 1471 1474 1477 1480 1483 1486 1489 1492 1495 1498 1501 1504 1507 1510 1513 1516 1519 1522 1525 1528 1531 1534 1537 1540 1543 1546 1549 1552 1555 1558 1561 1564 1567 1570 1573 1576 1579 1582 1585 1588 1591 1594 1597 1600 1603 1606 1609 1612 1615 1618 1621 1624 1627 1630 1633 1636 1639 1642 1645 1648 1651 1654 1657 1660 1663 1666 1669 1672 1675 1678 1681 1684 1687 1690 1693 1696 1699 1702 1705 1708 1711 1714 1717 1720 1723 1726 1729 1732 1735 1738 1741 1744 1747 1750 1753 1756 1759 1762 1765 1768 1771 1774 1777 1780 1783 1786 1789 1792 1795 1798 1801 1804 1807 1810 1813 1816 1819 1822 1825 1828 1831 1834 1837 1840 1843 1846 1849 1852 1855 1858 1861 1864 1867 1870 1873 1876 1879 1882 1885 1888 1891 1894 1897 1900 1903 1906 1909 1912 1915 1918 1921 1924 1927 1930 1933 1936 1939 1942 1945 1948 1951 1954 1957 1960 1963 1966 1969 1972 1975 1978 1981 1984 1987 1990 1993 1996 1999 2002 2005 2008 2011 2014 2017 2020 2023 2026 2029 2032 2035 2038 2041 2044 2047 2050 2053 2056 2059 2062 2065 2068 2071 2074 2077 2080 2083 2086 2089 2092 2095 2098 2101 2104 2107 2110 2113 2116 2119 2122 2125 2128 2131 2134 2137 2140 2143 2146 2149 2152 2155 2158 2161 2164 2167 2170 2173 2176 2179 2182 2185 2188 2191 2194 2197 2200 2203 2206 2209 2212 2215 2218 2221 2224 2227 2230 2233 2236 2239 2242 2245 2248 2251 2254 2257 2260 2263 2266 2269 2272 2275 2278 2281 2284 2287 2290 2293 2296 2299 2302 2305 2308 2311 2314 2317 2320 2323 2326 2329 2332 2335 2338 2341 2344 2347 2350 2353 2356 2359 2362 2365 2368 2371 2374 2377 2380 2383 2386 2389 2392 2395 2398 2401 2404 2407 2410 2413 2416 2419 2422 2425 2428 2431 2434 2437 2440 2443 2446 2449 2452 2455 2458 2461 2464 2467 2470 2473 2476 2479 2482 2485 2488 2491 2494 2497 2500 2503 2506 2509 2512 2515 2518 2521 2524 2527 2530 2533 2536 2539 2542 2545 2548 2551 2554 2557 2560 2563 2566 2569 2572 2575 2578 2581 2584 2587 2590 2593 2596 2599 2602 2605 2608 2611 2614 2617 2620 2623 2626 2629 2632 2635 2638 2641 2644 2647 2650 2653 2656 2659 2662 2665 2668 2671 2674 2677 2680 2683 2686 2689 2692 2695 2698 2701 2704 2707 2710 2713 2716 2719 2722 2725 2728 2731 2734 2737 2740 2743 2746 2749 2752 2755 2758 2761 2764 2767 2770 2773 2776 2779 2782 2785 2788 2791 2794 2797 2800 2803 2806 2809 2812 2815 2818 2821 2824 2827 2830 2833 2836 2839 2842 2845 2848 2851 2854 2857 2860 2863 2866 2869 2872 2875 2878 2881 2884 2887 2890 2893 2896 2899 2902 2905 2908 2911 2914 2917 2920 2923 2926 2929 2932 2935 2938 2941 2944 2947 2950 2953 2956 2959 2962 2965 2968 2971 2974 2977 2980 2983 2986 2989 2992 2995 2998 3001 3004 3007 3010 3013 3016 3019 3022 3025 3028 3031 3034 3037 3040 3043 3046 3049 3052 3055 3058 3061 3064 3067 3070 3073 3076 3079 3082 3085 3088 3091 3094 3097 3100 3103 3106 3109 3112 3115 3118 3121 3124 3127 3130 3133 3136 3139 3142 3145 3148 3151 3154 3157 3160 3163 3166 3169 3172 3175 3178 3181 3184 3187 3190 3193 3196 3199 3202 3205 3208 3211 3214 3217 3220 3223 3226 3229 3232 3235 3238 3241 3244 3247 3250 3253 3256 3259 3262 3265 3268 3271 3274 3277 3280 3283 3286 3289 3292 3295 3298 3301 3304 3307 3310 3313 3316 3319 3322 3325 3328 3331 3334 3337 3340 3343 3346 3349 3352 3355 3358 3361 3364 3367 3370 3373 3376 3379 3382 3385 3388 3391 3394 3397 3400 3403 3406 3409 3412 3415 3418 3421 3424 3427 3430 3433 3436 3439 3442 3445 3448 3451 3454 3457 3460 3463 3466 3469 3472 3475 3478 3481 3484 3487 3490 3493 3496 3499 3502 3505 3508 3511 3514 3517 3520 3523 3526 3529 3532 3535 3538 3541 3544 3547 3550 3553 3556 3559 3562 3565 3568 3571 3574 3577 3580 3583 3586 3589 3592 3595 3598 3601 3604 3607 3610 3613 3616 3619 3622 3625 3628 3631 3634 3637 3640 3643 3646 3649 3652 3655 3658 3661 3664 3667 3670 3673 3676 3679 3682 3685 3688 3691 3694 3697 3700 3703 3706 3709 3712 3715 3718 3721 3724 3727 3730 3733 3736 3739 3742 3745 3748 3751 3754 3757 3760 3763 3766 3769 3772 3775 3778 3781 3784 3787 3790 3793 3796 3799 3802 3805 3808 3811 3814 3817 3820 3823 3826 3829 3832 3835 3838 
PLUMED:   added component to this action:  refcv.mean 
PLUMED:   value refcv.mean is obtained by taking the 1th component and finding the mean value
PLUMED:   added component to this action:  refcv.morethan 
PLUMED:   value refcv.morethan is obtained by taking the 1th component and finding the number of values more than 0.25.  Using cubic switching function with parameters d0=0.6 dmax=0.85
PLUMED: END FILE: plumed.smooth.dat
PLUMED: Action UPPER_WALLS
PLUMED:   with label uwall
PLUMED:   with arguments refcv.morethan
PLUMED:   added component to this action:  uwall.bias 
PLUMED:   multiple time step 2 [4]
PLUMED:   at 710.000000
PLUMED:   with an offset 0.000000
PLUMED:   with force constant 1.000000
PLUMED:   and exponent 2.000000
PLUMED:   rescaled 1.000000
PLUMED:   added component to this action:  uwall.force2 
PLUMED: Action LOWER_WALLS
PLUMED:   with label lwall
PLUMED:   with arguments refcv.morethan
PLUMED:   added component to this action:  lwall.bias 
PLUMED:   multiple time step 2 [4]
PLUMED:   at 650.000000
PLUMED:   with an offset 0.000000
PLUMED:   with force constant 1.000000
PLUMED:   and exponent 2.000000
PLUMED:   rescaled 1.000000
PLUMED:   added component to this action:  lwall.force2 
PLUMED: Action INCLUDE
PLUMED:   with label @4
PLUMED: FILE: plumed.strict.dat
PLUMED: Action ENVIRONMENTSIMILARITY
PLUMED:   with label refcv2
PLUMED:   Please read and cite [3]
PLUMED:   Reference environment 1 : reading 4 reference vectors from env1.pdb 
PLUMED:   Reference environment 2 : reading 4 reference vectors from env2.pdb 
PLUMED:   Reference environment 3 : reading 4 reference vectors from env3.pdb 
PLUMED:   Reference environment 4 : reading 4 reference vectors from env4.pdb 
PLUMED:   Reference environment 5 : reading 4 reference vectors from env5.pdb 
PLUMED:   Reference environment 6 : reading 4 reference vectors from env6.pdb 
PLUMED:   Reference environment 7 : reading 4 reference vectors from env7.pdb 
PLUMED:   Reference environment 8 : reading 4 reference vectors from env8.pdb 
PLUMED:   Reference environment 9 : reading 4 reference vectors from env9.pdb 
PLUMED:   Reference environment 10 : reading 4 reference vectors from env10.pdb 
PLUMED:   Number of reference environments is 10
PLUMED:   Number of vectors per reference environment is 4
PLUMED:   targeting the CUSTOM crystal structure
PLUMED:   maximum distance in the reference environment is 0.284045
PLUMED:   representing local density as a sum of Gaussians with standard deviation 0.057500
PLUMED:   using a soft max function with lambda 100.000000
PLUMED:   keyword SPECIES takes atoms : 1 4 7 10 13 16 19 22 25 28 31 34 37 40 43 46 49 52 55 58 61 64 67 70 73 76 79 82 85 88 91 94 97 100 103 106 109 112 115 118 121 124 127 130 133 136 139 142 145 148 151 154 157 160 163 166 169 172 175 178 181 184 187 190 193 196 199 202 205 208 211 214 217 220 223 226 229 232 235 238 241 244 247 250 253 256 259 262 265 268 271 274 277 280 283 286 289 292 295 298 301 304 307 310 313 316 319 322 325 328 331 334 337 340 343 346 349 352 355 358 361 364 367 370 373 376 379 382 385 388 391 394 397 400 403 406 409 412 415 418 421 424 427 430 433 436 439 442 445 448 451 454 457 460 463 466 469 472 475 478 481 484 487 490 493 496 499 502 505 508 511 514 517 520 523 526 529 532 535 538 541 544 547 550 553 556 559 562 565 568 571 574 577 580 583 586 589 592 595 598 601 604 607 610 613 616 619 622 625 628 631 634 637 640 643 646 649 652 655 658 661 664 667 670 673 676 679 682 685 688 691 694 697 700 703 706 709 712 715 718 721 724 727 730 733 736 739 742 745 748 751 754 757 760 763 766 769 772 775 778 781 784 787 790 793 796 799 802 805 808 811 814 817 820 823 826 829 832 835 838 841 844 847 850 853 856 859 862 865 868 871 874 877 880 883 886 889 892 895 898 901 904 907 910 913 916 919 922 925 928 931 934 937 940 943 946 949 952 955 958 961 964 967 970 973 976 979 982 985 988 991 994 997 1000 1003 1006 1009 1012 1015 1018 1021 1024 1027 1030 1033 1036 1039 1042 1045 1048 1051 1054 1057 1060 1063 1066 1069 1072 1075 1078 1081 1084 1087 1090 1093 1096 1099 1102 1105 1108 1111 1114 1117 1120 1123 1126 1129 1132 1135 1138 1141 1144 1147 1150 1153 1156 1159 1162 1165 1168 1171 1174 1177 1180 1183 1186 1189 1192 1195 1198 1201 1204 1207 1210 1213 1216 1219 1222 1225 1228 1231 1234 1237 1240 1243 1246 1249 1252 1255 1258 1261 1264 1267 1270 1273 1276 1279 1282 1285 1288 1291 1294 1297 1300 1303 1306 1309 1312 1315 1318 1321 1324 1327 1330 1333 1336 1339 1342 1345 1348 1351 1354 1357 1360 1363 1366 1369 1372 1375 1378 1381 1384 1387 1390 1393 1396 1399 1402 1405 1408 1411 1414 1417 1420 1423 1426 1429 1432 1435 1438 1441 1444 1447 1450 1453 1456 1459 1462 1465 1468 1471 1474 1477 1480 1483 1486 1489 1492 1495 1498 1501 1504 1507 1510 1513 1516 1519 1522 1525 1528 1531 1534 1537 1540 1543 1546 1549 1552 1555 1558 1561 1564 1567 1570 1573 1576 1579 1582 1585 1588 1591 1594 1597 1600 1603 1606 1609 1612 1615 1618 1621 1624 1627 1630 1633 1636 1639 1642 1645 1648 1651 1654 1657 1660 1663 1666 1669 1672 1675 1678 1681 1684 1687 1690 1693 1696 1699 1702 1705 1708 1711 1714 1717 1720 1723 1726 1729 1732 1735 1738 1741 1744 1747 1750 1753 1756 1759 1762 1765 1768 1771 1774 1777 1780 1783 1786 1789 1792 1795 1798 1801 1804 1807 1810 1813 1816 1819 1822 1825 1828 1831 1834 1837 1840 1843 1846 1849 1852 1855 1858 1861 1864 1867 1870 1873 1876 1879 1882 1885 1888 1891 1894 1897 1900 1903 1906 1909 1912 1915 1918 1921 1924 1927 1930 1933 1936 1939 1942 1945 1948 1951 1954 1957 1960 1963 1966 1969 1972 1975 1978 1981 1984 1987 1990 1993 1996 1999 2002 2005 2008 2011 2014 2017 2020 2023 2026 2029 2032 2035 2038 2041 2044 2047 2050 2053 2056 2059 2062 2065 2068 2071 2074 2077 2080 2083 2086 2089 2092 2095 2098 2101 2104 2107 2110 2113 2116 2119 2122 2125 2128 2131 2134 2137 2140 2143 2146 2149 2152 2155 2158 2161 2164 2167 2170 2173 2176 2179 2182 2185 2188 2191 2194 2197 2200 2203 2206 2209 2212 2215 2218 2221 2224 2227 2230 2233 2236 2239 2242 2245 2248 2251 2254 2257 2260 2263 2266 2269 2272 2275 2278 2281 2284 2287 2290 2293 2296 2299 2302 2305 2308 2311 2314 2317 2320 2323 2326 2329 2332 2335 2338 2341 2344 2347 2350 2353 2356 2359 2362 2365 2368 2371 2374 2377 2380 2383 2386 2389 2392 2395 2398 2401 2404 2407 2410 2413 2416 2419 2422 2425 2428 2431 2434 2437 2440 2443 2446 2449 2452 2455 2458 2461 2464 2467 2470 2473 2476 2479 2482 2485 2488 2491 2494 2497 2500 2503 2506 2509 2512 2515 2518 2521 2524 2527 2530 2533 2536 2539 2542 2545 2548 2551 2554 2557 2560 2563 2566 2569 2572 2575 2578 2581 2584 2587 2590 2593 2596 2599 2602 2605 2608 2611 2614 2617 2620 2623 2626 2629 2632 2635 2638 2641 2644 2647 2650 2653 2656 2659 2662 2665 2668 2671 2674 2677 2680 2683 2686 2689 2692 2695 2698 2701 2704 2707 2710 2713 2716 2719 2722 2725 2728 2731 2734 2737 2740 2743 2746 2749 2752 2755 2758 2761 2764 2767 2770 2773 2776 2779 2782 2785 2788 2791 2794 2797 2800 2803 2806 2809 2812 2815 2818 2821 2824 2827 2830 2833 2836 2839 2842 2845 2848 2851 2854 2857 2860 2863 2866 2869 2872 2875 2878 2881 2884 2887 2890 2893 2896 2899 2902 2905 2908 2911 2914 2917 2920 2923 2926 2929 2932 2935 2938 2941 2944 2947 2950 2953 2956 2959 2962 2965 2968 2971 2974 2977 2980 2983 2986 2989 2992 2995 2998 3001 3004 3007 3010 3013 3016 3019 3022 3025 3028 3031 3034 3037 3040 3043 3046 3049 3052 3055 3058 3061 3064 3067 3070 3073 3076 3079 3082 3085 3088 3091 3094 3097 3100 3103 3106 3109 3112 3115 3118 3121 3124 3127 3130 3133 3136 3139 3142 3145 3148 3151 3154 3157 3160 3163 3166 3169 3172 3175 3178 3181 3184 3187 3190 3193 3196 3199 3202 3205 3208 3211 3214 3217 3220 3223 3226 3229 3232 3235 3238 3241 3244 3247 3250 3253 3256 3259 3262 3265 3268 3271 3274 3277 3280 3283 3286 3289 3292 3295 3298 3301 3304 3307 3310 3313 3316 3319 3322 3325 3328 3331 3334 3337 3340 3343 3346 3349 3352 3355 3358 3361 3364 3367 3370 3373 3376 3379 3382 3385 3388 3391 3394 3397 3400 3403 3406 3409 3412 3415 3418 3421 3424 3427 3430 3433 3436 3439 3442 3445 3448 3451 3454 3457 3460 3463 3466 3469 3472 3475 3478 3481 3484 3487 3490 3493 3496 3499 3502 3505 3508 3511 3514 3517 3520 3523 3526 3529 3532 3535 3538 3541 3544 3547 3550 3553 3556 3559 3562 3565 3568 3571 3574 3577 3580 3583 3586 3589 3592 3595 3598 3601 3604 3607 3610 3613 3616 3619 3622 3625 3628 3631 3634 3637 3640 3643 3646 3649 3652 3655 3658 3661 3664 3667 3670 3673 3676 3679 3682 3685 3688 3691 3694 3697 3700 3703 3706 3709 3712 3715 3718 3721 3724 3727 3730 3733 3736 3739 3742 3745 3748 3751 3754 3757 3760 3763 3766 3769 3772 3775 3778 3781 3784 3787 3790 3793 3796 3799 3802 3805 3808 3811 3814 3817 3820 3823 3826 3829 3832 3835 3838 
PLUMED:   added component to this action:  refcv2.mean 
PLUMED:   value refcv2.mean is obtained by taking the 1th component and finding the mean value
PLUMED:   added component to this action:  refcv2.morethan 
PLUMED:   value refcv2.morethan is obtained by taking the 1th component and finding the number of values more than 1e-06.  Using cubic switching function with parameters d0=0.73 dmax=0.730001
PLUMED: END FILE: plumed.strict.dat
PLUMED: Action PRINT
PLUMED:   with label @6
PLUMED:   with stride 500
PLUMED:   with arguments refcv.mean refcv.morethan uwall.bias uwall.force2 lwall.bias lwall.force2 refcv2.mean refcv2.morethan
PLUMED:   on file COLVAR-EQUIL
PLUMED:   with format  %f
PLUMED: END FILE: plumed.equil.dat
PLUMED: Timestep: 0.002000
PLUMED: KbT has not been set by the MD engine
PLUMED: It should be set by hand where needed
PLUMED: Relevant bibliography:
PLUMED:   [1] The PLUMED consortium, Nat. Methods 16, 670 (2019)
PLUMED:   [2] Tribello, Bonomi, Branduardi, Camilloni, and Bussi, Comput. Phys. Commun. 185, 604 (2014)
PLUMED:   [3] Piaggi and Parrinello, J. Chem. Phys. 150 (24), 244119 (2019)
PLUMED:   [4] Ferrarotti, Bottaro, Perez-Villa, and Bussi, J. Chem. Theory Comput. 11, 139 (2015)
PLUMED: Please read and cite where appropriate!
PLUMED: Finished setup
PLUMED:                                               Cycles        Total      Average      Minimum      Maximum
PLUMED:                                                    1     0.234884     0.234884     0.234884     0.234884
PLUMED: 1 Prepare dependencies                             1     0.000004     0.000004     0.000004     0.000004
PLUMED: 2 Sharing data                                     1     0.000695     0.000695     0.000695     0.000695
PLUMED: 3 Waiting for data                                 1     0.000121     0.000121     0.000121     0.000121
PLUMED: 4 Calculating (forward loop)                       1     0.115726     0.115726     0.115726     0.115726
PLUMED: 5 Applying (backward loop)                         1     0.000064     0.000064     0.000064     0.000064
PLUMED: 6 Update                                           1     0.080468     0.080468     0.080468     0.080468
